"2020-11-06 21:28:25 [restartedMain] INFO  c.v.d.d.DigtDepartmentServiceApplication - The following profiles are active: dev
""2020-11-06 21:28:26 [restartedMain] INFO  o.s.d.r.c.RepositoryConfigurationDelegate - Bootstrapping Spring Data JPA repositories in DEFERRED mode.
""2020-11-06 21:28:26 [restartedMain] INFO  o.s.d.r.c.RepositoryConfigurationDelegate - Finished Spring Data repository scanning in 103ms. Found 1 JPA repository interfaces.
""2020-11-06 21:28:26 [restartedMain] WARN  o.s.boot.actuate.endpoint.EndpointId - Endpoint ID 'service-registry' contains invalid characters, please migrate to a valid format.
""2020-11-06 21:28:26 [restartedMain] INFO  o.s.cloud.context.scope.GenericScope - BeanFactory id=a86e02a7-3c6c-3fb8-9d03-9c3aa02efcc0
""2020-11-06 21:28:27 [restartedMain] INFO  o.s.b.w.e.tomcat.TomcatWebServer - Tomcat initialized with port(s): 9091 (http)
""2020-11-06 21:28:27 [restartedMain] INFO  o.a.catalina.core.StandardService - Starting service [Tomcat]
""2020-11-06 21:28:27 [restartedMain] INFO  o.a.catalina.core.StandardEngine - Starting Servlet engine: [Apache Tomcat/9.0.39]
""2020-11-06 21:28:28 [restartedMain] INFO  o.a.c.c.C.[Tomcat].[localhost].[/] - Initializing Spring embedded WebApplicationContext
""2020-11-06 21:28:28 [restartedMain] INFO  o.s.b.w.s.c.ServletWebServerApplicationContext - Root WebApplicationContext: initialization completed in 2914 ms
""2020-11-06 21:28:28 [restartedMain] WARN  c.n.c.sources.URLConfigurationSource - No URLs will be polled as dynamic configuration sources.
""2020-11-06 21:28:28 [restartedMain] INFO  c.n.c.sources.URLConfigurationSource - To enable URLs as dynamic configuration sources, define System property archaius.configurationSource.additionalUrls or make config.properties available on classpath.
""2020-11-06 21:28:28 [restartedMain] INFO  c.n.config.DynamicPropertyFactory - DynamicPropertyFactory is initialized with configuration sources: com.netflix.config.ConcurrentCompositeConfiguration@6ac0beba
""2020-11-06 21:28:29 [restartedMain] WARN  o.s.c.s.z.ZipkinAutoConfiguration - Check result of the [RestTemplateSender{http://127.0.0.1:9411/api/v2/spans}] contains an error [CheckResult{ok=false, error=org.springframework.web.client.ResourceAccessException: I/O error on POST request for "http://127.0.0.1:9411/api/v2/spans": connect timed out; nested exception is java.net.SocketTimeoutException: connect timed out}]
""2020-11-06 21:28:30 [restartedMain] INFO  o.s.s.c.ThreadPoolTaskExecutor - Initializing ExecutorService 'applicationTaskExecutor'
""2020-11-06 21:28:30 [restartedMain] INFO  com.zaxxer.hikari.HikariDataSource - HikariPool-1 - Starting...
""2020-11-06 21:28:30 [restartedMain] INFO  com.zaxxer.hikari.HikariDataSource - HikariPool-1 - Start completed.
""2020-11-06 21:28:30 [task-1] INFO  o.h.jpa.internal.util.LogHelper - HHH000204: Processing PersistenceUnitInfo [name: default]
""2020-11-06 21:28:30 [restartedMain] WARN  c.n.c.sources.URLConfigurationSource - No URLs will be polled as dynamic configuration sources.
""2020-11-06 21:28:30 [restartedMain] INFO  c.n.c.sources.URLConfigurationSource - To enable URLs as dynamic configuration sources, define System property archaius.configurationSource.additionalUrls or make config.properties available on classpath.
""2020-11-06 21:28:30 [task-1] INFO  org.hibernate.Version - HHH000412: Hibernate ORM core version 5.4.22.Final
""2020-11-06 21:28:31 [restartedMain] WARN  o.s.b.a.o.j.JpaBaseConfiguration$JpaWebConfiguration - spring.jpa.open-in-view is enabled by default. Therefore, database queries may be performed during view rendering. Explicitly configure spring.jpa.open-in-view to disable this warning
""2020-11-06 21:28:31 [task-1] INFO  o.h.annotations.common.Version - HCANN000001: Hibernate Commons Annotations {5.1.0.Final}
""2020-11-06 21:28:31 [task-1] INFO  org.hibernate.dialect.Dialect - HHH000400: Using dialect: org.hibernate.dialect.MySQL8Dialect
""2020-11-06 21:28:32 [task-1] INFO  o.h.e.t.j.p.i.JtaPlatformInitiator - HHH000490: Using JtaPlatform implementation: [org.hibernate.engine.transaction.jta.platform.internal.NoJtaPlatform]
""2020-11-06 21:28:32 [task-1] INFO  o.s.o.j.LocalContainerEntityManagerFactoryBean - Initialized JPA EntityManagerFactory for persistence unit 'default'
""2020-11-06 21:28:32 [restartedMain] INFO  o.s.b.d.a.OptionalLiveReloadServer - LiveReload server is running on port 35729
""2020-11-06 21:28:32 [restartedMain] INFO  o.s.c.n.e.c.DiscoveryClientOptionalArgsConfiguration - Eureka HTTP Client uses Jersey
""2020-11-06 21:28:32 [restartedMain] WARN  o.s.c.l.c.BlockingLoadBalancerClientAutoConfiguration$BlockingLoadBalancerClientRibbonWarnLogger - You already have RibbonLoadBalancerClient on your classpath. It will be used by default. As Spring Cloud Ribbon is in maintenance mode. We recommend switching to BlockingLoadBalancerClient instead. In order to use it, set the value of `spring.cloud.loadbalancer.ribbon.enabled` to `false` or remove spring-cloud-starter-netflix-ribbon from your project.
""2020-11-06 21:28:33 [restartedMain] INFO  o.s.b.a.e.web.EndpointLinksResolver - Exposing 2 endpoint(s) beneath base path '/actuator'
""2020-11-06 21:28:33 [restartedMain] INFO  o.s.c.n.eureka.InstanceInfoFactory - Setting initial instance status as: STARTING
""2020-11-06 21:28:33 [restartedMain] INFO  c.netflix.discovery.DiscoveryClient - Initializing Eureka in region us-east-1
""2020-11-06 21:28:33 [restartedMain] INFO  c.n.d.p.DiscoveryJerseyProvider - Using JSON encoding codec LegacyJacksonJson
""2020-11-06 21:28:33 [restartedMain] INFO  c.n.d.p.DiscoveryJerseyProvider - Using JSON decoding codec LegacyJacksonJson
""2020-11-06 21:28:33 [restartedMain] INFO  c.n.d.p.DiscoveryJerseyProvider - Using XML encoding codec XStreamXml
""2020-11-06 21:28:33 [restartedMain] INFO  c.n.d.p.DiscoveryJerseyProvider - Using XML decoding codec XStreamXml
""2020-11-06 21:28:34 [restartedMain] INFO  c.n.d.s.r.aws.ConfigClusterResolver - Resolving eureka endpoints via configuration
""2020-11-06 21:28:34 [restartedMain] INFO  c.netflix.discovery.DiscoveryClient - Disable delta property : false
""2020-11-06 21:28:34 [restartedMain] INFO  c.netflix.discovery.DiscoveryClient - Single vip registry refresh property : null
""2020-11-06 21:28:34 [restartedMain] INFO  c.netflix.discovery.DiscoveryClient - Force full registry fetch : false
""2020-11-06 21:28:34 [restartedMain] INFO  c.netflix.discovery.DiscoveryClient - Application is null : false
""2020-11-06 21:28:34 [restartedMain] INFO  c.netflix.discovery.DiscoveryClient - Registered Applications size is zero : true
""2020-11-06 21:28:34 [restartedMain] INFO  c.netflix.discovery.DiscoveryClient - Application version is -1: true
""2020-11-06 21:28:34 [restartedMain] INFO  c.netflix.discovery.DiscoveryClient - Getting all instance registry info from the eureka server
""2020-11-06 21:28:34 [restartedMain] INFO  c.netflix.discovery.DiscoveryClient - The response status is 200
""2020-11-06 21:28:34 [restartedMain] INFO  c.netflix.discovery.DiscoveryClient - Starting heartbeat executor: renew interval is: 30
""2020-11-06 21:28:34 [restartedMain] INFO  c.n.discovery.InstanceInfoReplicator - InstanceInfoReplicator onDemand update allowed rate per min is 4
""2020-11-06 21:28:34 [restartedMain] INFO  c.netflix.discovery.DiscoveryClient - Discovery Client initialized at timestamp 1604678314614 with initial instances count: 0
""2020-11-06 21:28:34 [restartedMain] INFO  o.s.c.n.e.s.EurekaServiceRegistry - Registering application DIGT-DEPARTMENT-SERVICE with eureka with status UP
""2020-11-06 21:28:34 [restartedMain] INFO  c.netflix.discovery.DiscoveryClient - Saw local status change event StatusChangeEvent [timestamp=1604678314631, current=UP, previous=STARTING]
""2020-11-06 21:28:34 [DiscoveryClient-InstanceInfoReplicator-0] INFO  c.netflix.discovery.DiscoveryClient - DiscoveryClient_DIGT-DEPARTMENT-SERVICE/ANNAPURNA:DIGT-DEPARTMENT-SERVICE:9091: registering service...
""2020-11-06 21:28:34 [restartedMain] INFO  o.s.b.w.e.tomcat.TomcatWebServer - Tomcat started on port(s): 9091 (http) with context path ''
""2020-11-06 21:28:34 [restartedMain] INFO  o.s.c.n.e.s.EurekaAutoServiceRegistration - Updating port to 9091
""2020-11-06 21:28:34 [DiscoveryClient-InstanceInfoReplicator-0] INFO  c.netflix.discovery.DiscoveryClient - DiscoveryClient_DIGT-DEPARTMENT-SERVICE/ANNAPURNA:DIGT-DEPARTMENT-SERVICE:9091 - registration status: 204
""2020-11-06 21:28:35 [restartedMain] INFO  o.s.d.r.c.DeferredRepositoryInitializationListener - Triggering deferred initialization of Spring Data repositories…
""2020-11-06 21:28:35 [restartedMain] INFO  o.s.d.r.c.DeferredRepositoryInitializationListener - Spring Data repositories initialized!
""2020-11-06 21:28:35 [restartedMain] INFO  c.v.d.d.DigtDepartmentServiceApplication - Started DigtDepartmentServiceApplication in 12.098 seconds (JVM running for 14.221)
""2020-11-06 21:28:35 [restartedMain] INFO  c.v.d.d.DigtDepartmentServiceApplication - ********DigtDepartmentServiceApplication Started************
""2020-11-06 21:29:04 [DiscoveryClient-CacheRefreshExecutor-0] INFO  c.netflix.discovery.DiscoveryClient - Disable delta property : false
""2020-11-06 21:29:04 [DiscoveryClient-CacheRefreshExecutor-0] INFO  c.netflix.discovery.DiscoveryClient - Single vip registry refresh property : null
""2020-11-06 21:29:04 [DiscoveryClient-CacheRefreshExecutor-0] INFO  c.netflix.discovery.DiscoveryClient - Force full registry fetch : false
""2020-11-06 21:29:04 [DiscoveryClient-CacheRefreshExecutor-0] INFO  c.netflix.discovery.DiscoveryClient - Application is null : false
""2020-11-06 21:29:04 [DiscoveryClient-CacheRefreshExecutor-0] INFO  c.netflix.discovery.DiscoveryClient - Registered Applications size is zero : true
""2020-11-06 21:29:04 [DiscoveryClient-CacheRefreshExecutor-0] INFO  c.netflix.discovery.DiscoveryClient - Application version is -1: false
""2020-11-06 21:29:04 [DiscoveryClient-CacheRefreshExecutor-0] INFO  c.netflix.discovery.DiscoveryClient - Getting all instance registry info from the eureka server
""2020-11-06 21:29:04 [DiscoveryClient-CacheRefreshExecutor-0] INFO  c.netflix.discovery.DiscoveryClient - The response status is 200
""2020-11-06 21:33:34 [AsyncResolver-bootstrap-executor-0] INFO  c.n.d.s.r.aws.ConfigClusterResolver - Resolving eureka endpoints via configuration
""2020-11-06 21:38:34 [AsyncResolver-bootstrap-executor-0] INFO  c.n.d.s.r.aws.ConfigClusterResolver - Resolving eureka endpoints via configuration
""2020-11-06 21:42:06 [http-nio-9091-exec-1] INFO  o.a.c.c.C.[Tomcat].[localhost].[/] - Initializing Spring DispatcherServlet 'dispatcherServlet'
""2020-11-06 21:42:06 [http-nio-9091-exec-1] INFO  o.s.web.servlet.DispatcherServlet - Initializing Servlet 'dispatcherServlet'
""2020-11-06 21:42:06 [http-nio-9091-exec-1] INFO  o.s.web.servlet.DispatcherServlet - Completed initialization in 25 ms
""2020-11-06 21:42:06 [http-nio-9091-exec-1] INFO  c.v.d.d.s.DepartmentServiceImpl - Inside saveDepartment of DepartmentServiceImpl
""2020-11-06 21:42:26 [http-nio-9091-exec-2] INFO  c.v.d.d.s.DepartmentServiceImpl - Inside getAllDepartments of DepartmentServiceImpl
""2020-11-06 21:43:34 [AsyncResolver-bootstrap-executor-0] INFO  c.n.d.s.r.aws.ConfigClusterResolver - Resolving eureka endpoints via configuration
""2020-11-06 21:44:40 [http-nio-9091-exec-4] INFO  c.v.d.d.s.DepartmentServiceImpl - Inside getOneDepartment of DepartmentServiceImpl
""2020-11-06 21:46:43 [http-nio-9091-exec-6] INFO  c.v.d.d.s.DepartmentServiceImpl - Inside getOneDepartment of DepartmentServiceImpl
""2020-11-06 21:46:59 [http-nio-9091-exec-7] INFO  c.v.d.d.s.DepartmentServiceImpl - Inside getOneDepartment of DepartmentServiceImpl
""2020-11-06 21:48:34 [AsyncResolver-bootstrap-executor-0] INFO  c.n.d.s.r.aws.ConfigClusterResolver - Resolving eureka endpoints via configuration
""2020-11-06 21:49:44 [http-nio-9091-exec-9] INFO  c.v.d.d.s.DepartmentServiceImpl - Inside getAllDepartments of DepartmentServiceImpl
""2020-11-06 21:50:21 [RMI TCP Connection(2)-127.0.0.1] INFO  o.s.b.a.SpringApplicationAdminMXBeanRegistrar$SpringApplicationAdmin - Application shutdown requested.
""2020-11-06 21:50:21 [RMI TCP Connection(2)-127.0.0.1] INFO  o.s.c.n.e.s.EurekaServiceRegistry - Unregistering application DIGT-DEPARTMENT-SERVICE with eureka with status DOWN
""2020-11-06 21:50:21 [RMI TCP Connection(2)-127.0.0.1] WARN  c.netflix.discovery.DiscoveryClient - Saw local status change event StatusChangeEvent [timestamp=1604679621967, current=DOWN, previous=UP]
""2020-11-06 21:50:21 [DiscoveryClient-InstanceInfoReplicator-0] INFO  c.netflix.discovery.DiscoveryClient - DiscoveryClient_DIGT-DEPARTMENT-SERVICE/ANNAPURNA:DIGT-DEPARTMENT-SERVICE:9091: registering service...
""2020-11-06 21:50:22 [DiscoveryClient-InstanceInfoReplicator-0] INFO  c.netflix.discovery.DiscoveryClient - DiscoveryClient_DIGT-DEPARTMENT-SERVICE/ANNAPURNA:DIGT-DEPARTMENT-SERVICE:9091 - registration status: 204
""2020-11-06 21:50:22 [RMI TCP Connection(2)-127.0.0.1] INFO  o.a.catalina.core.StandardService - Stopping service [Tomcat]
""2020-11-06 21:50:22 [RMI TCP Connection(2)-127.0.0.1] INFO  o.a.c.c.C.[Tomcat].[localhost].[/] - Destroying Spring FrameworkServlet 'dispatcherServlet'
""2020-11-06 21:50:22 [RMI TCP Connection(2)-127.0.0.1] WARN  o.a.c.loader.WebappClassLoaderBase - The web application [ROOT] appears to have started a thread named [spring.cloud.inetutils] but has failed to stop it. This is very likely to create a memory leak. Stack trace of thread:
 java.base@11.0.9/jdk.internal.misc.Unsafe.park(Native Method)
 java.base@11.0.9/java.util.concurrent.locks.LockSupport.park(LockSupport.java:194)
 java.base@11.0.9/java.util.concurrent.locks.AbstractQueuedSynchronizer$ConditionObject.await(AbstractQueuedSynchronizer.java:2081)
 java.base@11.0.9/java.util.concurrent.LinkedBlockingQueue.take(LinkedBlockingQueue.java:433)
 java.base@11.0.9/java.util.concurrent.ThreadPoolExecutor.getTask(ThreadPoolExecutor.java:1054)
 java.base@11.0.9/java.util.concurrent.ThreadPoolExecutor.runWorker(ThreadPoolExecutor.java:1114)
 java.base@11.0.9/java.util.concurrent.ThreadPoolExecutor$Worker.run(ThreadPoolExecutor.java:628)
 java.base@11.0.9/java.lang.Thread.run(Thread.java:834)
""2020-11-06 21:50:22 [RMI TCP Connection(2)-127.0.0.1] WARN  o.a.c.loader.WebappClassLoaderBase - The web application [ROOT] appears to have started a thread named [AsyncReporter{RestTemplateSender{http://127.0.0.1:9411/api/v2/spans}}] but has failed to stop it. This is very likely to create a memory leak. Stack trace of thread:
 java.base@11.0.9/jdk.internal.misc.Unsafe.park(Native Method)
 java.base@11.0.9/java.util.concurrent.locks.LockSupport.parkNanos(LockSupport.java:234)
 java.base@11.0.9/java.util.concurrent.locks.AbstractQueuedSynchronizer$ConditionObject.awaitNanos(AbstractQueuedSynchronizer.java:2123)
 app//zipkin2.reporter.ByteBoundedQueue.drainTo(ByteBoundedQueue.java:81)
 app//zipkin2.reporter.AsyncReporter$BoundedAsyncReporter.flush(AsyncReporter.java:270)
 app//zipkin2.reporter.AsyncReporter$Flusher.run(AsyncReporter.java:378)
 java.base@11.0.9/java.lang.Thread.run(Thread.java:834)
""2020-11-06 21:50:22 [RMI TCP Connection(2)-127.0.0.1] INFO  o.s.o.j.LocalContainerEntityManagerFactoryBean - Closing JPA EntityManagerFactory for persistence unit 'default'
""2020-11-06 21:50:22 [RMI TCP Connection(2)-127.0.0.1] INFO  o.s.s.c.ThreadPoolTaskExecutor - Shutting down ExecutorService 'applicationTaskExecutor'
""2020-11-06 21:50:22 [RMI TCP Connection(2)-127.0.0.1] INFO  com.zaxxer.hikari.HikariDataSource - HikariPool-1 - Shutdown initiated...
""2020-11-06 21:50:22 [RMI TCP Connection(2)-127.0.0.1] INFO  com.zaxxer.hikari.HikariDataSource - HikariPool-1 - Shutdown completed.
""2020-11-06 21:50:22 [RMI TCP Connection(2)-127.0.0.1] INFO  c.netflix.discovery.DiscoveryClient - Shutting down DiscoveryClient ...
"